<?xml version="1.0" encoding="UTF-8"?>
<!-- Generated by org.testng.reporters.JUnitXMLReporter -->
<testsuite ignored="0" hostname="DESKTOP-3MQO5G2" failures="1" tests="1" name="SampleTests" time="47.698" errors="0" timestamp="2025-07-01T17:39:24 NPT">
  <testcase classname="testCases.TC001_Login" name="testLogin" time="32.611">
    <failure type="java.lang.AssertionError" message="Login test failed.">
      <![CDATA[java.lang.AssertionError: Login test failed.
at testCases.TC001_Login.testLogin(TC001_Login.java:69)
at java.base/java.util.ArrayList.forEach(ArrayList.java:1596)
... Removed 30 stack frames]]>
    </failure>
  </testcase> <!-- testLogin -->
</testsuite> <!-- SampleTests -->
